mode: set
github.com/pipelined/vst2/opcode.go:126.39,127.11 1 1
github.com/pipelined/vst2/opcode.go:128.27,129.31 1 0
github.com/pipelined/vst2/opcode.go:130.26,131.30 1 0
github.com/pipelined/vst2/opcode.go:133.28,134.32 1 0
github.com/pipelined/vst2/opcode.go:135.23,136.27 1 0
github.com/pipelined/vst2/opcode.go:138.26,139.30 1 1
github.com/pipelined/vst2/opcode.go:140.32,141.36 1 0
github.com/pipelined/vst2/opcode.go:142.28,143.32 1 0
github.com/pipelined/vst2/opcode.go:144.29,145.33 1 0
github.com/pipelined/vst2/opcode.go:146.32,147.36 1 0
github.com/pipelined/vst2/opcode.go:148.31,149.35 1 0
github.com/pipelined/vst2/opcode.go:150.34,151.38 1 0
github.com/pipelined/vst2/opcode.go:152.35,153.39 1 0
github.com/pipelined/vst2/opcode.go:154.41,155.45 1 0
github.com/pipelined/vst2/opcode.go:156.37,157.41 1 0
github.com/pipelined/vst2/opcode.go:158.31,159.35 1 0
github.com/pipelined/vst2/opcode.go:160.30,161.34 1 0
github.com/pipelined/vst2/opcode.go:162.31,163.35 1 0
github.com/pipelined/vst2/opcode.go:164.40,165.44 1 0
github.com/pipelined/vst2/opcode.go:166.44,167.48 1 0
github.com/pipelined/vst2/opcode.go:168.34,169.38 1 0
github.com/pipelined/vst2/opcode.go:170.35,171.39 1 0
github.com/pipelined/vst2/opcode.go:172.35,173.39 1 0
github.com/pipelined/vst2/opcode.go:174.33,175.37 1 0
github.com/pipelined/vst2/opcode.go:176.24,177.28 1 0
github.com/pipelined/vst2/opcode.go:178.30,179.34 1 0
github.com/pipelined/vst2/opcode.go:180.31,181.35 1 0
github.com/pipelined/vst2/opcode.go:182.32,183.36 1 0
github.com/pipelined/vst2/opcode.go:184.28,185.32 1 0
github.com/pipelined/vst2/opcode.go:186.26,187.30 1 0
github.com/pipelined/vst2/opcode.go:188.35,189.39 1 0
github.com/pipelined/vst2/opcode.go:190.36,191.40 1 0
github.com/pipelined/vst2/opcode.go:192.10,193.53 1 1
github.com/pipelined/vst2/opcode.go:197.39,198.11 1 0
github.com/pipelined/vst2/opcode.go:199.15,200.19 1 0
github.com/pipelined/vst2/opcode.go:201.16,202.20 1 0
github.com/pipelined/vst2/opcode.go:203.21,204.25 1 0
github.com/pipelined/vst2/opcode.go:205.21,206.25 1 0
github.com/pipelined/vst2/opcode.go:207.25,208.29 1 0
github.com/pipelined/vst2/opcode.go:209.25,210.29 1 0
github.com/pipelined/vst2/opcode.go:211.24,212.28 1 0
github.com/pipelined/vst2/opcode.go:213.26,214.30 1 0
github.com/pipelined/vst2/opcode.go:215.23,216.27 1 0
github.com/pipelined/vst2/opcode.go:217.24,218.28 1 0
github.com/pipelined/vst2/opcode.go:219.23,220.27 1 0
github.com/pipelined/vst2/opcode.go:221.23,222.27 1 0
github.com/pipelined/vst2/opcode.go:223.22,224.26 1 0
github.com/pipelined/vst2/opcode.go:225.19,226.23 1 0
github.com/pipelined/vst2/opcode.go:227.20,228.24 1 0
github.com/pipelined/vst2/opcode.go:229.19,230.23 1 0
github.com/pipelined/vst2/opcode.go:231.19,232.23 1 0
github.com/pipelined/vst2/opcode.go:233.19,234.23 1 0
github.com/pipelined/vst2/opcode.go:235.24,236.28 1 0
github.com/pipelined/vst2/opcode.go:237.25,238.29 1 0
github.com/pipelined/vst2/opcode.go:239.27,240.31 1 0
github.com/pipelined/vst2/opcode.go:241.32,242.36 1 0
github.com/pipelined/vst2/opcode.go:243.29,244.33 1 0
github.com/pipelined/vst2/opcode.go:245.30,246.34 1 0
github.com/pipelined/vst2/opcode.go:247.26,248.30 1 0
github.com/pipelined/vst2/opcode.go:249.24,250.28 1 0
github.com/pipelined/vst2/opcode.go:251.25,252.29 1 0
github.com/pipelined/vst2/opcode.go:253.21,254.25 1 0
github.com/pipelined/vst2/opcode.go:255.23,256.27 1 0
github.com/pipelined/vst2/opcode.go:257.32,258.36 1 0
github.com/pipelined/vst2/opcode.go:259.20,260.24 1 0
github.com/pipelined/vst2/opcode.go:261.24,262.28 1 0
github.com/pipelined/vst2/opcode.go:263.26,264.30 1 0
github.com/pipelined/vst2/opcode.go:265.27,266.31 1 0
github.com/pipelined/vst2/opcode.go:267.27,268.31 1 0
github.com/pipelined/vst2/opcode.go:269.25,270.29 1 0
github.com/pipelined/vst2/opcode.go:271.16,272.20 1 0
github.com/pipelined/vst2/opcode.go:273.22,274.26 1 0
github.com/pipelined/vst2/opcode.go:275.33,276.37 1 0
github.com/pipelined/vst2/opcode.go:277.24,278.28 1 0
github.com/pipelined/vst2/opcode.go:279.22,280.26 1 0
github.com/pipelined/vst2/opcode.go:281.20,282.24 1 0
github.com/pipelined/vst2/opcode.go:283.26,284.30 1 0
github.com/pipelined/vst2/opcode.go:285.29,286.33 1 0
github.com/pipelined/vst2/opcode.go:287.32,288.36 1 0
github.com/pipelined/vst2/opcode.go:289.33,290.37 1 0
github.com/pipelined/vst2/opcode.go:291.33,292.37 1 0
github.com/pipelined/vst2/opcode.go:293.25,294.29 1 0
github.com/pipelined/vst2/opcode.go:295.26,296.30 1 0
github.com/pipelined/vst2/opcode.go:297.24,298.28 1 0
github.com/pipelined/vst2/opcode.go:299.32,300.36 1 0
github.com/pipelined/vst2/opcode.go:301.29,302.33 1 0
github.com/pipelined/vst2/opcode.go:303.23,304.27 1 0
github.com/pipelined/vst2/opcode.go:305.22,306.26 1 0
github.com/pipelined/vst2/opcode.go:307.34,308.38 1 0
github.com/pipelined/vst2/opcode.go:309.20,310.24 1 0
github.com/pipelined/vst2/opcode.go:311.24,312.28 1 0
github.com/pipelined/vst2/opcode.go:313.27,314.31 1 0
github.com/pipelined/vst2/opcode.go:315.30,316.34 1 0
github.com/pipelined/vst2/opcode.go:317.34,318.38 1 0
github.com/pipelined/vst2/opcode.go:319.35,320.39 1 0
github.com/pipelined/vst2/opcode.go:321.10,322.52 1 0
github.com/pipelined/vst2/plugin.go:57.42,59.16 2 1
github.com/pipelined/vst2/plugin.go:63.2,68.16 3 1
github.com/pipelined/vst2/plugin.go:73.2,73.21 1 1
github.com/pipelined/vst2/plugin.go:59.16,62.3 2 0
github.com/pipelined/vst2/plugin.go:68.16,71.3 2 0
github.com/pipelined/vst2/plugin.go:77.42,79.2 1 0
github.com/pipelined/vst2/plugin.go:82.43,94.2 6 1
github.com/pipelined/vst2/plugin.go:97.32,105.2 7 1
github.com/pipelined/vst2/plugin.go:108.107,109.21 1 1
github.com/pipelined/vst2/plugin.go:109.21,111.3 1 1
github.com/pipelined/vst2/plugin.go:115.43,116.21 1 1
github.com/pipelined/vst2/plugin.go:119.2,119.72 1 1
github.com/pipelined/vst2/plugin.go:116.21,118.3 1 0
github.com/pipelined/vst2/plugin.go:123.43,124.21 1 1
github.com/pipelined/vst2/plugin.go:127.2,127.84 1 1
github.com/pipelined/vst2/plugin.go:124.21,126.3 1 0
github.com/pipelined/vst2/plugin.go:132.67,133.59 1 0
github.com/pipelined/vst2/plugin.go:137.2,137.27 1 0
github.com/pipelined/vst2/plugin.go:159.2,159.8 1 0
github.com/pipelined/vst2/plugin.go:133.59,135.3 1 0
github.com/pipelined/vst2/plugin.go:137.27,140.25 2 0
github.com/pipelined/vst2/plugin.go:147.3,150.24 3 0
github.com/pipelined/vst2/plugin.go:140.25,142.32 2 0
github.com/pipelined/vst2/plugin.go:142.32,144.5 1 0
github.com/pipelined/vst2/plugin.go:150.24,152.31 2 0
github.com/pipelined/vst2/plugin.go:152.31,154.5 1 0
github.com/pipelined/vst2/plugin.go:156.8,158.3 1 0
github.com/pipelined/vst2/plugin.go:163.61,170.25 5 0
github.com/pipelined/vst2/plugin.go:188.2,192.30 3 0
github.com/pipelined/vst2/plugin.go:200.2,200.12 1 0
github.com/pipelined/vst2/plugin.go:170.25,178.25 5 0
github.com/pipelined/vst2/plugin.go:183.3,185.37 3 0
github.com/pipelined/vst2/plugin.go:178.25,180.4 1 0
github.com/pipelined/vst2/plugin.go:192.30,196.25 3 0
github.com/pipelined/vst2/plugin.go:196.25,198.4 1 0
github.com/pipelined/vst2/plugin.go:204.67,211.25 5 1
github.com/pipelined/vst2/plugin.go:229.2,233.30 3 1
github.com/pipelined/vst2/plugin.go:241.2,241.12 1 1
github.com/pipelined/vst2/plugin.go:211.25,219.25 5 1
github.com/pipelined/vst2/plugin.go:224.3,226.37 3 1
github.com/pipelined/vst2/plugin.go:219.25,221.4 1 1
github.com/pipelined/vst2/plugin.go:233.30,237.25 3 1
github.com/pipelined/vst2/plugin.go:237.25,239.4 1 1
github.com/pipelined/vst2/plugin.go:245.50,246.14 1 0
github.com/pipelined/vst2/plugin.go:246.14,248.3 1 0
github.com/pipelined/vst2/plugin.go:252.57,257.2 4 1
github.com/pipelined/vst2/plugin.go:260.27,262.2 1 0
github.com/pipelined/vst2/plugin.go:265.28,267.2 1 0
github.com/pipelined/vst2/plugin.go:270.48,272.2 1 0
github.com/pipelined/vst2/plugin.go:275.48,277.2 1 0
github.com/pipelined/vst2/plugin.go:279.53,280.114 1 0
github.com/pipelined/vst2/plugin.go:280.114,283.3 2 0
github.com/pipelined/vst2/plugin.go:286.65,289.21 3 1
github.com/pipelined/vst2/plugin.go:312.2,312.40 1 1
github.com/pipelined/vst2/plugin.go:320.2,320.12 1 1
github.com/pipelined/vst2/plugin.go:290.9,291.32 1 0
github.com/pipelined/vst2/plugin.go:292.9,293.31 1 0
github.com/pipelined/vst2/plugin.go:294.9,295.33 1 1
github.com/pipelined/vst2/plugin.go:296.9,297.34 1 0
github.com/pipelined/vst2/plugin.go:298.9,299.34 1 0
github.com/pipelined/vst2/plugin.go:300.9,301.29 1 0
github.com/pipelined/vst2/plugin.go:302.9,303.34 1 0
github.com/pipelined/vst2/plugin.go:304.9,305.34 1 0
github.com/pipelined/vst2/plugin.go:306.9,307.34 1 0
github.com/pipelined/vst2/plugin.go:308.10,309.38 1 0
github.com/pipelined/vst2/plugin.go:312.40,319.3 6 1
github.com/pipelined/vst2/plugin.go:331.24,360.2 16 0
github.com/pipelined/vst2/plugin.go:364.115,367.48 1 1
github.com/pipelined/vst2/plugin.go:370.2,373.9 4 1
github.com/pipelined/vst2/plugin.go:377.2,377.28 1 1
github.com/pipelined/vst2/plugin.go:380.2,380.78 1 1
github.com/pipelined/vst2/plugin.go:367.48,369.3 1 1
github.com/pipelined/vst2/plugin.go:373.9,374.29 1 0
github.com/pipelined/vst2/plugin.go:377.28,378.41 1 0
github.com/pipelined/vst2/plugin.go:384.126,385.16 1 1
github.com/pipelined/vst2/plugin.go:401.2,401.10 1 1
github.com/pipelined/vst2/plugin.go:386.26,388.14 2 0
github.com/pipelined/vst2/plugin.go:389.23,391.45 2 0
github.com/pipelined/vst2/plugin.go:393.41,395.35 2 1
github.com/pipelined/vst2/plugin.go:397.10,399.8 2 1
github.com/pipelined/vst2/plugin_darwin.go:38.13,43.2 1 1
github.com/pipelined/vst2/plugin_darwin.go:53.32,63.20 6 1
github.com/pipelined/vst2/plugin_darwin.go:66.2,80.25 9 1
github.com/pipelined/vst2/plugin_darwin.go:84.2,86.12 2 1
github.com/pipelined/vst2/plugin_darwin.go:63.20,65.3 1 0
github.com/pipelined/vst2/plugin_darwin.go:80.25,83.3 2 0
github.com/pipelined/vst2/plugin_darwin.go:91.33,95.2 3 1
github.com/pipelined/vst2/plugin_darwin.go:98.63,112.2 9 1
github.com/pipelined/vst2/processor.go:26.46,31.2 1 0
github.com/pipelined/vst2/processor.go:34.133,43.50 9 0
github.com/pipelined/vst2/processor.go:43.50,47.3 3 0
github.com/pipelined/vst2/processor.go:51.41,54.2 2 0
github.com/pipelined/vst2/processor.go:57.49,58.114 1 0
github.com/pipelined/vst2/processor.go:58.114,59.17 1 0
github.com/pipelined/vst2/processor.go:90.3,90.11 1 0
github.com/pipelined/vst2/processor.go:60.24,62.46 2 0
github.com/pipelined/vst2/processor.go:64.42,64.42 0 0
github.com/pipelined/vst2/processor.go:66.33,67.28 1 0
github.com/pipelined/vst2/processor.go:68.32,69.28 1 0
github.com/pipelined/vst2/processor.go:70.27,85.126 8 0
github.com/pipelined/vst2/processor.go:86.11,88.9 1 0
